<?xml version="1.0" encoding="UTF-8"?>
<testng-results skipped="0" failed="0" ignored="0" total="1" passed="1">
  <reporter-output>
  </reporter-output>
  <suite name="Suite" duration-ms="71" started-at="2022-03-08T12:27:33 IST" finished-at="2022-03-08T12:27:33 IST">
    <groups>
    </groups>
    <test name="Test" duration-ms="71" started-at="2022-03-08T12:27:33 IST" finished-at="2022-03-08T12:27:33 IST">
      <class name="com.demo.firstdemo.Demo">
        <test-method status="PASS" signature="demo()[pri:0, instance:com.demo.firstdemo.Demo@48503868]" name="demo" duration-ms="7" started-at="2022-03-08T12:27:33 IST" finished-at="2022-03-08T12:27:33 IST">
          <reporter-output>
          </reporter-output>
        </test-method> <!-- demo -->
      </class> <!-- com.demo.firstdemo.Demo -->
    </test> <!-- Test -->
  </suite> <!-- Suite -->
</testng-results>
