<?xml version="1.0" encoding="UTF-8"?>
<testng-results skipped="0" failed="0" ignored="0" total="1" passed="1">
  <reporter-output>
  </reporter-output>
  <suite name="Default suite" duration-ms="442" started-at="2022-03-07T19:03:07 IST" finished-at="2022-03-07T19:03:07 IST">
    <groups>
    </groups>
    <test name="Default test" duration-ms="442" started-at="2022-03-07T19:03:07 IST" finished-at="2022-03-07T19:03:07 IST">
      <class name="com.demo.firstdemo.Demo">
        <test-method status="PASS" signature="demo()[pri:0, instance:com.demo.firstdemo.Demo@27f723]" name="demo" duration-ms="20" started-at="2022-03-07T19:03:07 IST" finished-at="2022-03-07T19:03:07 IST">
          <reporter-output>
          </reporter-output>
        </test-method> <!-- demo -->
      </class> <!-- com.demo.firstdemo.Demo -->
    </test> <!-- Default test -->
  </suite> <!-- Default suite -->
</testng-results>
